<?xml version='1.0' encoding='utf-8'?>
<testsuites name="Sylvan Game Salavan Suite" time="67.773">
  <testsuite name="1_Fresh_Start" tests="13" failures="2" time="67.773">
    <testcase classname="1_Fresh_Start" name="SYSTEM" time="67.290">
      <system-out>Deleted save: C:\Users\Ouikio/Documents/Maou-Sama-TD/player_save.json
Launching Game: D:/OuikiDev/Builds/Maou-Sama-TD_v0.6.5/Maou-Sama-TD.exe
Found matching windows: ['Maou-Sama-TD - Antigravity IDE - player_save.json', 'Maou-Sama-TD - Home_New - Windows, Mac, Linux - Unity 6.4 (6000.4.5f1) &lt;DX12&gt;', 'Maou-Sama-TD - File Explorer', 'MCP Server - D:\\OuikiDev\\Maou-Sama-TD\\Library\\MCPForUnity\\TerminalScripts\\mcp-terminal.cmd'] exact: 0
Found matching windows: ['Maou-Sama-TD - Antigravity IDE - player_save.json', 'Maou-Sama-TD - Home_New - Windows, Mac, Linux - Unity 6.4 (6000.4.5f1) &lt;DX12&gt;', 'Maou-Sama-TD - File Explorer', 'MCP Server - D:\\OuikiDev\\Maou-Sama-TD\\Library\\MCPForUnity\\TerminalScripts\\mcp-terminal.cmd'] exact: 0
Found matching windows: ['Maou-Sama-TD - Antigravity IDE - player_save.json', 'Maou-Sama-TD - Home_New - Windows, Mac, Linux - Unity 6.4 (6000.4.5f1) &lt;DX12&gt;', 'Maou-Sama-TD - File Explorer', 'MCP Server - D:\\OuikiDev\\Maou-Sama-TD\\Library\\MCPForUnity\\TerminalScripts\\mcp-terminal.cmd'] exact: 0
Found matching windows: ['Maou-Sama-TD', 'Maou-Sama-TD - Antigravity IDE - player_save.json', 'Maou-Sama-TD - Home_New - Windows, Mac, Linux - Unity 6.4 (6000.4.5f1) &lt;DX12&gt;', 'Maou-Sama-TD - File Explorer', 'MCP Server - D:\\OuikiDev\\Maou-Sama-TD\\Library\\MCPForUnity\\TerminalScripts\\mcp-terminal.cmd'] exact: 1
Sequence execution successfully concluded.</system-out>
    </testcase>
    <testcase classname="1_Fresh_Start" name="HUD" time="0.000">
      <system-out>Reading scenario: 1_Fresh_Start...</system-out>
    </testcase>
    <testcase classname="1_Fresh_Start" name="Launch Game" time="1.522">
      <system-out>Starting Maou-Sama-TD.exe in windowed mode (960x540)...
Game process started and window positioned at (0, 0).</system-out>
    </testcase>
    <testcase classname="1_Fresh_Start" name="Clear Data" time="5.825">
      <system-out>Waiting for loading screen to appear...
Clear Data button clicked — waiting for confirmation dialog...
Save data cleared successfully.</system-out>
    </testcase>
    <testcase classname="1_Fresh_Start" name="SALAVAN_EVENT" time="42.224">
      <system-out>Event: 'SceneLoaded' Data: 'Home_New'
Event: 'SaveCleared' Data: ''
Event: 'SceneLoaded' Data: 'Home_New'
Event: 'AscensionPanelOpened' Data: ''
Event: 'SceneLoaded' Data: 'BattleScene'
Event: 'UnitButtonSpawned' Data: 'Ignis'
Event: 'DialogueStarted' Data: '1'
Event: 'DialogueEnded' Data: ''
Event: 'DialogueStarted' Data: '3'
Event: 'DialogueEnded' Data: ''
Event: 'TutorialStepPassed' Data: 'Intro Dialogue (Highlight Deployment)'</system-out>
    </testcase>
    <testcase classname="1_Fresh_Start" name="UNITY ENGINE" time="28.186">
      <system-out>&lt;color=#0099bc&gt;&lt;b&gt;DOTWEEN ► &lt;/b&gt;&lt;/color&gt;Target or field is missing/null (Void ThrowNullReferenceException(System.Object)) ► Object reference not set to an instance of an object.
at UnityEngine.Bindings.ThrowHelper.ThrowNullReferenceException (System.Object obj) [0x00011] in C:\build\output\unity\unity\Runtime\Export\Scripting\BindingsHelpers.cs:62
&lt;color=#0099bc&gt;&lt;b&gt;DOTWEEN ► &lt;/b&gt;&lt;/color&gt;Target or field is missing/null (Void ThrowNullReferenceException(System.Object)) ► Object reference not set to an instance of an object.
at UnityEngine.Bindings.ThrowHelper.ThrowNullReferenceException (System.Object obj) [0x00011] in C:\build\output\unity\unity\Runtime\Export\Scripting\BindingsHelpers.cs:62
&lt;color=#0099bc&gt;&lt;b&gt;DOTWEEN ► &lt;/b&gt;&lt;/color&gt;Target or field is missing/null (Void ThrowNullReferenceException(System.Object)) ► Object reference not set to an instance of an object.
at UnityEngine.Bindings.ThrowHelper.ThrowNullReferenceException (System.Object obj) [0x00011] in C:\build\output\unity\unity\Runtime\Export\Scripting\BindingsHelpers.cs:62
&lt;color=#0099bc&gt;&lt;b&gt;DOTWEEN ► &lt;/b&gt;&lt;/color&gt;Target or field is missing/null (Void ThrowNullReferenceException(System.Object)) ► Object reference not set to an instance of an object.
at UnityEngine.Bindings.ThrowHelper.ThrowNullReferenceException (System.Object obj) [0x00011] in C:\build\output\unity\unity\Runtime\Export\Scripting\BindingsHelpers.cs:62
&lt;color=#0099bc&gt;&lt;b&gt;DOTWEEN ► &lt;/b&gt;&lt;/color&gt;Target or field is missing/null (Void ThrowNullReferenceException(System.Object)) ► Object reference not set to an instance of an object.
at UnityEngine.Bindings.ThrowHelper.ThrowNullReferenceException (System.Object obj) [0x00011] in C:\build\output\unity\unity\Runtime\Export\Scripting\BindingsHelpers.cs:62
&lt;color=#0099bc&gt;&lt;b&gt;DOTWEEN ► &lt;/b&gt;&lt;/color&gt;Target or field is missing/null (Void ThrowNullReferenceException(System.Object)) ► Object reference not set to an instance of an object.
at UnityEngine.Bindings.ThrowHelper.ThrowNullReferenceException (System.Object obj) [0x00011] in C:\build\output\unity\unity\Runtime\Export\Scripting\BindingsHelpers.cs:62
&lt;color=#0099bc&gt;&lt;b&gt;DOTWEEN ► &lt;/b&gt;&lt;/color&gt;Target or field is missing/null (Void ThrowNullReferenceException(System.Object)) ► Object reference not set to an instance of an object.
at UnityEngine.Bindings.ThrowHelper.ThrowNullReferenceException (System.Object obj) [0x00011] in C:\build\output\unity\unity\Runtime\Export\Scripting\BindingsHelpers.cs:62
&lt;color=#0099bc&gt;&lt;b&gt;DOTWEEN ► &lt;/b&gt;&lt;/color&gt;Target or field is missing/null (Void ThrowNullReferenceException(System.Object)) ► Object reference not set to an instance of an object.
at UnityEngine.Bindings.ThrowHelper.ThrowNullReferenceException (System.Object obj) [0x00011] in C:\build\output\unity\unity\Runtime\Export\Scripting\BindingsHelpers.cs:62
&lt;color=#0099bc&gt;&lt;b&gt;DOTWEEN ► &lt;/b&gt;&lt;/color&gt;Target or field is missing/null (Void ThrowNullReferenceException(System.Object)) ► Object reference not set to an instance of an object.
at UnityEngine.Bindings.ThrowHelper.ThrowNullReferenceException (System.Object obj) [0x00011] in C:\build\output\unity\unity\Runtime\Export\Scripting\BindingsHelpers.cs:62
&lt;color=#0099bc&gt;&lt;b&gt;DOTWEEN ► &lt;/b&gt;&lt;/color&gt;Target or field is missing/null (Void ThrowNullReferenceException(System.Object)) ► Object reference not set to an instance of an object.
at UnityEngine.Bindings.ThrowHelper.ThrowNullReferenceException (System.Object obj) [0x00011] in C:\build\output\unity\unity\Runtime\Export\Scripting\BindingsHelpers.cs:62
&lt;color=#0099bc&gt;&lt;b&gt;DOTWEEN ► &lt;/b&gt;&lt;/color&gt;Target or field is missing/null (Void ThrowNullReferenceException(System.Object)) ► Object reference not set to an instance of an object.
at UnityEngine.Bindings.ThrowHelper.ThrowNullReferenceException (System.Object obj) [0x00011] in C:\build\output\unity\unity\Runtime\Export\Scripting\BindingsHelpers.cs:62
&lt;color=#0099bc&gt;&lt;b&gt;DOTWEEN ► &lt;/b&gt;&lt;/color&gt;Target or field is missing/null (Void ThrowNullReferenceException(System.Object)) ► Object reference not set to an instance of an object.
at UnityEngine.Bindings.ThrowHelper.ThrowNullReferenceException (System.Object obj) [0x00011] in C:\build\output\unity\unity\Runtime\Export\Scripting\BindingsHelpers.cs:62
&lt;color=#0099bc&gt;&lt;b&gt;DOTWEEN ► &lt;/b&gt;&lt;/color&gt;Target or field is missing/null (Void ThrowNullReferenceException(System.Object)) ► Object reference not set to an instance of an object.
at UnityEngine.Bindings.ThrowHelper.ThrowNullReferenceException (System.Object obj) [0x00011] in C:\build\output\unity\unity\Runtime\Export\Scripting\BindingsHelpers.cs:62
&lt;color=#0099bc&gt;&lt;b&gt;DOTWEEN ► &lt;/b&gt;&lt;/color&gt;Target or field is missing/null (Void ThrowNullReferenceException(System.Object)) ► Object reference not set to an instance of an object.
at UnityEngine.Bindings.ThrowHelper.ThrowNullReferenceException (System.Object obj) [0x00011] in C:\build\output\unity\unity\Runtime\Export\Scripting\BindingsHelpers.cs:62
&lt;color=#0099bc&gt;&lt;b&gt;DOTWEEN ► &lt;/b&gt;&lt;/color&gt;Target or field is missing/null (Void ThrowNullReferenceException(System.Object)) ► Object reference not set to an instance of an object.
at UnityEngine.Bindings.ThrowHelper.ThrowNullReferenceException (System.Object obj) [0x00011] in C:\build\output\unity\unity\Runtime\Export\Scripting\BindingsHelpers.cs:62
&lt;color=#0099bc&gt;&lt;b&gt;DOTWEEN ► &lt;/b&gt;&lt;/color&gt;Target or field is missing/null (Void ThrowNullReferenceException(System.Object)) ► Object reference not set to an instance of an object.
at UnityEngine.Bindings.ThrowHelper.ThrowNullReferenceException (System.Object obj) [0x00011] in C:\build\output\unity\unity\Runtime\Export\Scripting\BindingsHelpers.cs:62
&lt;color=#0099bc&gt;&lt;b&gt;DOTWEEN ► &lt;/b&gt;&lt;/color&gt;Target or field is missing/null (Void ThrowNullReferenceException(System.Object)) ► Object reference not set to an instance of an object.
at UnityEngine.Bindings.ThrowHelper.ThrowNullReferenceException (System.Object obj) [0x00011] in C:\build\output\unity\unity\Runtime\Export\Scripting\BindingsHelpers.cs:62
&lt;color=#0099bc&gt;&lt;b&gt;DOTWEEN ► &lt;/b&gt;&lt;/color&gt;Target or field is missing/null (Void ThrowNullReferenceException(System.Object)) ► Object reference not set to an instance of an object.
at UnityEngine.Bindings.ThrowHelper.ThrowNullReferenceException (System.Object obj) [0x00011] in C:\build\output\unity\unity\Runtime\Export\Scripting\BindingsHelpers.cs:62
&lt;color=#0099bc&gt;&lt;b&gt;DOTWEEN ► &lt;/b&gt;&lt;/color&gt;Target or field is missing/null (Void ThrowNullReferenceException(System.Object)) ► Object reference not set to an instance of an object.
at UnityEngine.Bindings.ThrowHelper.ThrowNullReferenceException (System.Object obj) [0x00011] in C:\build\output\unity\unity\Runtime\Export\Scripting\BindingsHelpers.cs:62
&lt;color=#0099bc&gt;&lt;b&gt;DOTWEEN ► &lt;/b&gt;&lt;/color&gt;Target or field is missing/null (Void ThrowNullReferenceException(System.Object)) ► Object reference not set to an instance of an object.
at UnityEngine.Bindings.ThrowHelper.ThrowNullReferenceException (System.Object obj) [0x00011] in C:\build\output\unity\unity\Runtime\Export\Scripting\BindingsHelpers.cs:62
&lt;color=#0099bc&gt;&lt;b&gt;DOTWEEN ► &lt;/b&gt;&lt;/color&gt;Target or field is missing/null (Void ThrowNullReferenceException(System.Object)) ► Object reference not set to an instance of an object.
at UnityEngine.Bindings.ThrowHelper.ThrowNullReferenceException (System.Object obj) [0x00011] in C:\build\output\unity\unity\Runtime\Export\Scripting\BindingsHelpers.cs:62
&lt;color=#0099bc&gt;&lt;b&gt;DOTWEEN ► &lt;/b&gt;&lt;/color&gt;Target or field is missing/null (Void ThrowNullReferenceException(System.Object)) ► Object reference not set to an instance of an object.
at UnityEngine.Bindings.ThrowHelper.ThrowNullReferenceException (System.Object obj) [0x00011] in C:\build\output\unity\unity\Runtime\Export\Scripting\BindingsHelpers.cs:62
&lt;color=#0099bc&gt;&lt;b&gt;DOTWEEN ► &lt;/b&gt;&lt;/color&gt;Target or field is missing/null (Void ThrowNullReferenceException(System.Object)) ► Object reference not set to an instance of an object.
at UnityEngine.Bindings.ThrowHelper.ThrowNullReferenceException (System.Object obj) [0x00011] in C:\build\output\unity\unity\Runtime\Export\Scripting\BindingsHelpers.cs:62
&lt;color=#0099bc&gt;&lt;b&gt;DOTWEEN ► &lt;/b&gt;&lt;/color&gt;Target or field is missing/null (Void ThrowNullReferenceException(System.Object)) ► Object reference not set to an instance of an object.
at UnityEngine.Bindings.ThrowHelper.ThrowNullReferenceException (System.Object obj) [0x00011] in C:\build\output\unity\unity\Runtime\Export\Scripting\BindingsHelpers.cs:62
&lt;color=#0099bc&gt;&lt;b&gt;DOTWEEN ► &lt;/b&gt;&lt;/color&gt;Target or field is missing/null (Void ThrowNullReferenceException(System.Object)) ► Object reference not set to an instance of an object.
at UnityEngine.Bindings.ThrowHelper.ThrowNullReferenceException (System.Object obj) [0x00011] in C:\build\output\unity\unity\Runtime\Export\Scripting\BindingsHelpers.cs:62
&lt;color=#0099bc&gt;&lt;b&gt;DOTWEEN ► &lt;/b&gt;&lt;/color&gt;Target or field is missing/null (Void ThrowNullReferenceException(System.Object)) ► Object reference not set to an instance of an object.
at UnityEngine.Bindings.ThrowHelper.ThrowNullReferenceException (System.Object obj) [0x00011] in C:\build\output\unity\unity\Runtime\Export\Scripting\BindingsHelpers.cs:62
&lt;color=#0099bc&gt;&lt;b&gt;DOTWEEN ► &lt;/b&gt;&lt;/color&gt;Target or field is missing/null (Void ThrowNullReferenceException(System.Object)) ► Object reference not set to an instance of an object.
at UnityEngine.Bindings.ThrowHelper.ThrowNullReferenceException (System.Object obj) [0x00011] in C:\build\output\unity\unity\Runtime\Export\Scripting\BindingsHelpers.cs:62
&lt;color=#0099bc&gt;&lt;b&gt;DOTWEEN ► &lt;/b&gt;&lt;/color&gt;Target or field is missing/null (Void ThrowNullReferenceException(System.Object)) ► Object reference not set to an instance of an object.
at UnityEngine.Bindings.ThrowHelper.ThrowNullReferenceException (System.Object obj) [0x00011] in C:\build\output\unity\unity\Runtime\Export\Scripting\BindingsHelpers.cs:62
&lt;color=#0099bc&gt;&lt;b&gt;DOTWEEN ► &lt;/b&gt;&lt;/color&gt;Target or field is missing/null (Void ThrowNullReferenceException(System.Object)) ► Object reference not set to an instance of an object.
at UnityEngine.Bindings.ThrowHelper.ThrowNullReferenceException (System.Object obj) [0x00011] in C:\build\output\unity\unity\Runtime\Export\Scripting\BindingsHelpers.cs:62
&lt;color=#0099bc&gt;&lt;b&gt;DOTWEEN ► &lt;/b&gt;&lt;/color&gt;Target or field is missing/null (Void ThrowNullReferenceException(System.Object)) ► Object reference not set to an instance of an object.
at UnityEngine.Bindings.ThrowHelper.ThrowNullReferenceException (System.Object obj) [0x00011] in C:\build\output\unity\unity\Runtime\Export\Scripting\BindingsHelpers.cs:62
&lt;color=#0099bc&gt;&lt;b&gt;DOTWEEN ► &lt;/b&gt;&lt;/color&gt;Target or field is missing/null (Void ThrowNullReferenceException(System.Object)) ► Object reference not set to an instance of an object.
at UnityEngine.Bindings.ThrowHelper.ThrowNullReferenceException (System.Object obj) [0x00011] in C:\build\output\unity\unity\Runtime\Export\Scripting\BindingsHelpers.cs:62
&lt;color=#0099bc&gt;&lt;b&gt;DOTWEEN ► &lt;/b&gt;&lt;/color&gt;Target or field is missing/null (Void ThrowNullReferenceException(System.Object)) ► Object reference not set to an instance of an object.
at UnityEngine.Bindings.ThrowHelper.ThrowNullReferenceException (System.Object obj) [0x00011] in C:\build\output\unity\unity\Runtime\Export\Scripting\BindingsHelpers.cs:62
&lt;color=#0099bc&gt;&lt;b&gt;DOTWEEN ► &lt;/b&gt;&lt;/color&gt;Target or field is missing/null (Void ThrowNullReferenceException(System.Object)) ► Object reference not set to an instance of an object.
at UnityEngine.Bindings.ThrowHelper.ThrowNullReferenceException (System.Object obj) [0x00011] in C:\build\output\unity\unity\Runtime\Export\Scripting\BindingsHelpers.cs:62
&lt;color=#0099bc&gt;&lt;b&gt;DOTWEEN ► &lt;/b&gt;&lt;/color&gt;Target or field is missing/null (Void ThrowNullReferenceException(System.Object)) ► Object reference not set to an instance of an object.
at UnityEngine.Bindings.ThrowHelper.ThrowNullReferenceException (System.Object obj) [0x00011] in C:\build\output\unity\unity\Runtime\Export\Scripting\BindingsHelpers.cs:62
&lt;color=#0099bc&gt;&lt;b&gt;DOTWEEN ► &lt;/b&gt;&lt;/color&gt;Target or field is missing/null (Void ThrowNullReferenceException(System.Object)) ► Object reference not set to an instance of an object.
at UnityEngine.Bindings.ThrowHelper.ThrowNullReferenceException (System.Object obj) [0x00011] in C:\build\output\unity\unity\Runtime\Export\Scripting\BindingsHelpers.cs:62
&lt;color=#0099bc&gt;&lt;b&gt;DOTWEEN ► &lt;/b&gt;&lt;/color&gt;Target or field is missing/null (Void ThrowNullReferenceException(System.Object)) ► Object reference not set to an instance of an object.
at UnityEngine.Bindings.ThrowHelper.ThrowNullReferenceException (System.Object obj) [0x00011] in C:\build\output\unity\unity\Runtime\Export\Scripting\BindingsHelpers.cs:62
&lt;color=#0099bc&gt;&lt;b&gt;DOTWEEN ► &lt;/b&gt;&lt;/color&gt;Target or field is missing/null (Void ThrowNullReferenceException(System.Object)) ► Object reference not set to an instance of an object.
at UnityEngine.Bindings.ThrowHelper.ThrowNullReferenceException (System.Object obj) [0x00011] in C:\build\output\unity\unity\Runtime\Export\Scripting\BindingsHelpers.cs:62
&lt;color=#0099bc&gt;&lt;b&gt;DOTWEEN ► &lt;/b&gt;&lt;/color&gt;Target or field is missing/null (Void ThrowNullReferenceException(System.Object)) ► Object reference not set to an instance of an object.
at UnityEngine.Bindings.ThrowHelper.ThrowNullReferenceException (System.Object obj) [0x00011] in C:\build\output\unity\unity\Runtime\Export\Scripting\BindingsHelpers.cs:62
&lt;color=#0099bc&gt;&lt;b&gt;DOTWEEN ► &lt;/b&gt;&lt;/color&gt;Target or field is missing/null (Void ThrowNullReferenceException(System.Object)) ► Object reference not set to an instance of an object.
at UnityEngine.Bindings.ThrowHelper.ThrowNullReferenceException (System.Object obj) [0x00011] in C:\build\output\unity\unity\Runtime\Export\Scripting\BindingsHelpers.cs:62
&lt;color=#0099bc&gt;&lt;b&gt;DOTWEEN ► &lt;/b&gt;&lt;/color&gt;Target or field is missing/null (Void ThrowNullReferenceException(System.Object)) ► Object reference not set to an instance of an object.
at UnityEngine.Bindings.ThrowHelper.ThrowNullReferenceException (System.Object obj) [0x00011] in C:\build\output\unity\unity\Runtime\Export\Scripting\BindingsHelpers.cs:62</system-out>
      <failure message="Step UNITY ENGINE failed.">&lt;color=#0099bc&gt;&lt;b&gt;DOTWEEN ► &lt;/b&gt;&lt;/color&gt;Target or field is missing/null (Void ThrowNullReferenceException(System.Object)) ► Object reference not set to an instance of an object.
at UnityEngine.Bindings.ThrowHelper.ThrowNullReferenceException (System.Object obj) [0x00011] in C:\build\output\unity\unity\Runtime\Export\Scripting\BindingsHelpers.cs:62
&lt;color=#0099bc&gt;&lt;b&gt;DOTWEEN ► &lt;/b&gt;&lt;/color&gt;Target or field is missing/null (Void ThrowNullReferenceException(System.Object)) ► Object reference not set to an instance of an object.
at UnityEngine.Bindings.ThrowHelper.ThrowNullReferenceException (System.Object obj) [0x00011] in C:\build\output\unity\unity\Runtime\Export\Scripting\BindingsHelpers.cs:62
&lt;color=#0099bc&gt;&lt;b&gt;DOTWEEN ► &lt;/b&gt;&lt;/color&gt;Target or field is missing/null (Void ThrowNullReferenceException(System.Object)) ► Object reference not set to an instance of an object.
at UnityEngine.Bindings.ThrowHelper.ThrowNullReferenceException (System.Object obj) [0x00011] in C:\build\output\unity\unity\Runtime\Export\Scripting\BindingsHelpers.cs:62
&lt;color=#0099bc&gt;&lt;b&gt;DOTWEEN ► &lt;/b&gt;&lt;/color&gt;Target or field is missing/null (Void ThrowNullReferenceException(System.Object)) ► Object reference not set to an instance of an object.
at UnityEngine.Bindings.ThrowHelper.ThrowNullReferenceException (System.Object obj) [0x00011] in C:\build\output\unity\unity\Runtime\Export\Scripting\BindingsHelpers.cs:62
&lt;color=#0099bc&gt;&lt;b&gt;DOTWEEN ► &lt;/b&gt;&lt;/color&gt;Target or field is missing/null (Void ThrowNullReferenceException(System.Object)) ► Object reference not set to an instance of an object.
at UnityEngine.Bindings.ThrowHelper.ThrowNullReferenceException (System.Object obj) [0x00011] in C:\build\output\unity\unity\Runtime\Export\Scripting\BindingsHelpers.cs:62
&lt;color=#0099bc&gt;&lt;b&gt;DOTWEEN ► &lt;/b&gt;&lt;/color&gt;Target or field is missing/null (Void ThrowNullReferenceException(System.Object)) ► Object reference not set to an instance of an object.
at UnityEngine.Bindings.ThrowHelper.ThrowNullReferenceException (System.Object obj) [0x00011] in C:\build\output\unity\unity\Runtime\Export\Scripting\BindingsHelpers.cs:62
&lt;color=#0099bc&gt;&lt;b&gt;DOTWEEN ► &lt;/b&gt;&lt;/color&gt;Target or field is missing/null (Void ThrowNullReferenceException(System.Object)) ► Object reference not set to an instance of an object.
at UnityEngine.Bindings.ThrowHelper.ThrowNullReferenceException (System.Object obj) [0x00011] in C:\build\output\unity\unity\Runtime\Export\Scripting\BindingsHelpers.cs:62
&lt;color=#0099bc&gt;&lt;b&gt;DOTWEEN ► &lt;/b&gt;&lt;/color&gt;Target or field is missing/null (Void ThrowNullReferenceException(System.Object)) ► Object reference not set to an instance of an object.
at UnityEngine.Bindings.ThrowHelper.ThrowNullReferenceException (System.Object obj) [0x00011] in C:\build\output\unity\unity\Runtime\Export\Scripting\BindingsHelpers.cs:62
&lt;color=#0099bc&gt;&lt;b&gt;DOTWEEN ► &lt;/b&gt;&lt;/color&gt;Target or field is missing/null (Void ThrowNullReferenceException(System.Object)) ► Object reference not set to an instance of an object.
at UnityEngine.Bindings.ThrowHelper.ThrowNullReferenceException (System.Object obj) [0x00011] in C:\build\output\unity\unity\Runtime\Export\Scripting\BindingsHelpers.cs:62
&lt;color=#0099bc&gt;&lt;b&gt;DOTWEEN ► &lt;/b&gt;&lt;/color&gt;Target or field is missing/null (Void ThrowNullReferenceException(System.Object)) ► Object reference not set to an instance of an object.
at UnityEngine.Bindings.ThrowHelper.ThrowNullReferenceException (System.Object obj) [0x00011] in C:\build\output\unity\unity\Runtime\Export\Scripting\BindingsHelpers.cs:62
&lt;color=#0099bc&gt;&lt;b&gt;DOTWEEN ► &lt;/b&gt;&lt;/color&gt;Target or field is missing/null (Void ThrowNullReferenceException(System.Object)) ► Object reference not set to an instance of an object.
at UnityEngine.Bindings.ThrowHelper.ThrowNullReferenceException (System.Object obj) [0x00011] in C:\build\output\unity\unity\Runtime\Export\Scripting\BindingsHelpers.cs:62
&lt;color=#0099bc&gt;&lt;b&gt;DOTWEEN ► &lt;/b&gt;&lt;/color&gt;Target or field is missing/null (Void ThrowNullReferenceException(System.Object)) ► Object reference not set to an instance of an object.
at UnityEngine.Bindings.ThrowHelper.ThrowNullReferenceException (System.Object obj) [0x00011] in C:\build\output\unity\unity\Runtime\Export\Scripting\BindingsHelpers.cs:62
&lt;color=#0099bc&gt;&lt;b&gt;DOTWEEN ► &lt;/b&gt;&lt;/color&gt;Target or field is missing/null (Void ThrowNullReferenceException(System.Object)) ► Object reference not set to an instance of an object.
at UnityEngine.Bindings.ThrowHelper.ThrowNullReferenceException (System.Object obj) [0x00011] in C:\build\output\unity\unity\Runtime\Export\Scripting\BindingsHelpers.cs:62
&lt;color=#0099bc&gt;&lt;b&gt;DOTWEEN ► &lt;/b&gt;&lt;/color&gt;Target or field is missing/null (Void ThrowNullReferenceException(System.Object)) ► Object reference not set to an instance of an object.
at UnityEngine.Bindings.ThrowHelper.ThrowNullReferenceException (System.Object obj) [0x00011] in C:\build\output\unity\unity\Runtime\Export\Scripting\BindingsHelpers.cs:62
&lt;color=#0099bc&gt;&lt;b&gt;DOTWEEN ► &lt;/b&gt;&lt;/color&gt;Target or field is missing/null (Void ThrowNullReferenceException(System.Object)) ► Object reference not set to an instance of an object.
at UnityEngine.Bindings.ThrowHelper.ThrowNullReferenceException (System.Object obj) [0x00011] in C:\build\output\unity\unity\Runtime\Export\Scripting\BindingsHelpers.cs:62
&lt;color=#0099bc&gt;&lt;b&gt;DOTWEEN ► &lt;/b&gt;&lt;/color&gt;Target or field is missing/null (Void ThrowNullReferenceException(System.Object)) ► Object reference not set to an instance of an object.
at UnityEngine.Bindings.ThrowHelper.ThrowNullReferenceException (System.Object obj) [0x00011] in C:\build\output\unity\unity\Runtime\Export\Scripting\BindingsHelpers.cs:62
&lt;color=#0099bc&gt;&lt;b&gt;DOTWEEN ► &lt;/b&gt;&lt;/color&gt;Target or field is missing/null (Void ThrowNullReferenceException(System.Object)) ► Object reference not set to an instance of an object.
at UnityEngine.Bindings.ThrowHelper.ThrowNullReferenceException (System.Object obj) [0x00011] in C:\build\output\unity\unity\Runtime\Export\Scripting\BindingsHelpers.cs:62
&lt;color=#0099bc&gt;&lt;b&gt;DOTWEEN ► &lt;/b&gt;&lt;/color&gt;Target or field is missing/null (Void ThrowNullReferenceException(System.Object)) ► Object reference not set to an instance of an object.
at UnityEngine.Bindings.ThrowHelper.ThrowNullReferenceException (System.Object obj) [0x00011] in C:\build\output\unity\unity\Runtime\Export\Scripting\BindingsHelpers.cs:62
&lt;color=#0099bc&gt;&lt;b&gt;DOTWEEN ► &lt;/b&gt;&lt;/color&gt;Target or field is missing/null (Void ThrowNullReferenceException(System.Object)) ► Object reference not set to an instance of an object.
at UnityEngine.Bindings.ThrowHelper.ThrowNullReferenceException (System.Object obj) [0x00011] in C:\build\output\unity\unity\Runtime\Export\Scripting\BindingsHelpers.cs:62
&lt;color=#0099bc&gt;&lt;b&gt;DOTWEEN ► &lt;/b&gt;&lt;/color&gt;Target or field is missing/null (Void ThrowNullReferenceException(System.Object)) ► Object reference not set to an instance of an object.
at UnityEngine.Bindings.ThrowHelper.ThrowNullReferenceException (System.Object obj) [0x00011] in C:\build\output\unity\unity\Runtime\Export\Scripting\BindingsHelpers.cs:62
&lt;color=#0099bc&gt;&lt;b&gt;DOTWEEN ► &lt;/b&gt;&lt;/color&gt;Target or field is missing/null (Void ThrowNullReferenceException(System.Object)) ► Object reference not set to an instance of an object.
at UnityEngine.Bindings.ThrowHelper.ThrowNullReferenceException (System.Object obj) [0x00011] in C:\build\output\unity\unity\Runtime\Export\Scripting\BindingsHelpers.cs:62
&lt;color=#0099bc&gt;&lt;b&gt;DOTWEEN ► &lt;/b&gt;&lt;/color&gt;Target or field is missing/null (Void ThrowNullReferenceException(System.Object)) ► Object reference not set to an instance of an object.
at UnityEngine.Bindings.ThrowHelper.ThrowNullReferenceException (System.Object obj) [0x00011] in C:\build\output\unity\unity\Runtime\Export\Scripting\BindingsHelpers.cs:62
&lt;color=#0099bc&gt;&lt;b&gt;DOTWEEN ► &lt;/b&gt;&lt;/color&gt;Target or field is missing/null (Void ThrowNullReferenceException(System.Object)) ► Object reference not set to an instance of an object.
at UnityEngine.Bindings.ThrowHelper.ThrowNullReferenceException (System.Object obj) [0x00011] in C:\build\output\unity\unity\Runtime\Export\Scripting\BindingsHelpers.cs:62
&lt;color=#0099bc&gt;&lt;b&gt;DOTWEEN ► &lt;/b&gt;&lt;/color&gt;Target or field is missing/null (Void ThrowNullReferenceException(System.Object)) ► Object reference not set to an instance of an object.
at UnityEngine.Bindings.ThrowHelper.ThrowNullReferenceException (System.Object obj) [0x00011] in C:\build\output\unity\unity\Runtime\Export\Scripting\BindingsHelpers.cs:62
&lt;color=#0099bc&gt;&lt;b&gt;DOTWEEN ► &lt;/b&gt;&lt;/color&gt;Target or field is missing/null (Void ThrowNullReferenceException(System.Object)) ► Object reference not set to an instance of an object.
at UnityEngine.Bindings.ThrowHelper.ThrowNullReferenceException (System.Object obj) [0x00011] in C:\build\output\unity\unity\Runtime\Export\Scripting\BindingsHelpers.cs:62
&lt;color=#0099bc&gt;&lt;b&gt;DOTWEEN ► &lt;/b&gt;&lt;/color&gt;Target or field is missing/null (Void ThrowNullReferenceException(System.Object)) ► Object reference not set to an instance of an object.
at UnityEngine.Bindings.ThrowHelper.ThrowNullReferenceException (System.Object obj) [0x00011] in C:\build\output\unity\unity\Runtime\Export\Scripting\BindingsHelpers.cs:62
&lt;color=#0099bc&gt;&lt;b&gt;DOTWEEN ► &lt;/b&gt;&lt;/color&gt;Target or field is missing/null (Void ThrowNullReferenceException(System.Object)) ► Object reference not set to an instance of an object.
at UnityEngine.Bindings.ThrowHelper.ThrowNullReferenceException (System.Object obj) [0x00011] in C:\build\output\unity\unity\Runtime\Export\Scripting\BindingsHelpers.cs:62
&lt;color=#0099bc&gt;&lt;b&gt;DOTWEEN ► &lt;/b&gt;&lt;/color&gt;Target or field is missing/null (Void ThrowNullReferenceException(System.Object)) ► Object reference not set to an instance of an object.
at UnityEngine.Bindings.ThrowHelper.ThrowNullReferenceException (System.Object obj) [0x00011] in C:\build\output\unity\unity\Runtime\Export\Scripting\BindingsHelpers.cs:62
&lt;color=#0099bc&gt;&lt;b&gt;DOTWEEN ► &lt;/b&gt;&lt;/color&gt;Target or field is missing/null (Void ThrowNullReferenceException(System.Object)) ► Object reference not set to an instance of an object.
at UnityEngine.Bindings.ThrowHelper.ThrowNullReferenceException (System.Object obj) [0x00011] in C:\build\output\unity\unity\Runtime\Export\Scripting\BindingsHelpers.cs:62
&lt;color=#0099bc&gt;&lt;b&gt;DOTWEEN ► &lt;/b&gt;&lt;/color&gt;Target or field is missing/null (Void ThrowNullReferenceException(System.Object)) ► Object reference not set to an instance of an object.
at UnityEngine.Bindings.ThrowHelper.ThrowNullReferenceException (System.Object obj) [0x00011] in C:\build\output\unity\unity\Runtime\Export\Scripting\BindingsHelpers.cs:62
&lt;color=#0099bc&gt;&lt;b&gt;DOTWEEN ► &lt;/b&gt;&lt;/color&gt;Target or field is missing/null (Void ThrowNullReferenceException(System.Object)) ► Object reference not set to an instance of an object.
at UnityEngine.Bindings.ThrowHelper.ThrowNullReferenceException (System.Object obj) [0x00011] in C:\build\output\unity\unity\Runtime\Export\Scripting\BindingsHelpers.cs:62
&lt;color=#0099bc&gt;&lt;b&gt;DOTWEEN ► &lt;/b&gt;&lt;/color&gt;Target or field is missing/null (Void ThrowNullReferenceException(System.Object)) ► Object reference not set to an instance of an object.
at UnityEngine.Bindings.ThrowHelper.ThrowNullReferenceException (System.Object obj) [0x00011] in C:\build\output\unity\unity\Runtime\Export\Scripting\BindingsHelpers.cs:62
&lt;color=#0099bc&gt;&lt;b&gt;DOTWEEN ► &lt;/b&gt;&lt;/color&gt;Target or field is missing/null (Void ThrowNullReferenceException(System.Object)) ► Object reference not set to an instance of an object.
at UnityEngine.Bindings.ThrowHelper.ThrowNullReferenceException (System.Object obj) [0x00011] in C:\build\output\unity\unity\Runtime\Export\Scripting\BindingsHelpers.cs:62
&lt;color=#0099bc&gt;&lt;b&gt;DOTWEEN ► &lt;/b&gt;&lt;/color&gt;Target or field is missing/null (Void ThrowNullReferenceException(System.Object)) ► Object reference not set to an instance of an object.
at UnityEngine.Bindings.ThrowHelper.ThrowNullReferenceException (System.Object obj) [0x00011] in C:\build\output\unity\unity\Runtime\Export\Scripting\BindingsHelpers.cs:62
&lt;color=#0099bc&gt;&lt;b&gt;DOTWEEN ► &lt;/b&gt;&lt;/color&gt;Target or field is missing/null (Void ThrowNullReferenceException(System.Object)) ► Object reference not set to an instance of an object.
at UnityEngine.Bindings.ThrowHelper.ThrowNullReferenceException (System.Object obj) [0x00011] in C:\build\output\unity\unity\Runtime\Export\Scripting\BindingsHelpers.cs:62
&lt;color=#0099bc&gt;&lt;b&gt;DOTWEEN ► &lt;/b&gt;&lt;/color&gt;Target or field is missing/null (Void ThrowNullReferenceException(System.Object)) ► Object reference not set to an instance of an object.
at UnityEngine.Bindings.ThrowHelper.ThrowNullReferenceException (System.Object obj) [0x00011] in C:\build\output\unity\unity\Runtime\Export\Scripting\BindingsHelpers.cs:62
&lt;color=#0099bc&gt;&lt;b&gt;DOTWEEN ► &lt;/b&gt;&lt;/color&gt;Target or field is missing/null (Void ThrowNullReferenceException(System.Object)) ► Object reference not set to an instance of an object.
at UnityEngine.Bindings.ThrowHelper.ThrowNullReferenceException (System.Object obj) [0x00011] in C:\build\output\unity\unity\Runtime\Export\Scripting\BindingsHelpers.cs:62
&lt;color=#0099bc&gt;&lt;b&gt;DOTWEEN ► &lt;/b&gt;&lt;/color&gt;Target or field is missing/null (Void ThrowNullReferenceException(System.Object)) ► Object reference not set to an instance of an object.
at UnityEngine.Bindings.ThrowHelper.ThrowNullReferenceException (System.Object obj) [0x00011] in C:\build\output\unity\unity\Runtime\Export\Scripting\BindingsHelpers.cs:62
&lt;color=#0099bc&gt;&lt;b&gt;DOTWEEN ► &lt;/b&gt;&lt;/color&gt;Target or field is missing/null (Void ThrowNullReferenceException(System.Object)) ► Object reference not set to an instance of an object.
at UnityEngine.Bindings.ThrowHelper.ThrowNullReferenceException (System.Object obj) [0x00011] in C:\build\output\unity\unity\Runtime\Export\Scripting\BindingsHelpers.cs:62
&lt;color=#0099bc&gt;&lt;b&gt;DOTWEEN ► &lt;/b&gt;&lt;/color&gt;Target or field is missing/null (Void ThrowNullReferenceException(System.Object)) ► Object reference not set to an instance of an object.
at UnityEngine.Bindings.ThrowHelper.ThrowNullReferenceException (System.Object obj) [0x00011] in C:\build\output\unity\unity\Runtime\Export\Scripting\BindingsHelpers.cs:62</failure>
    </testcase>
    <testcase classname="1_Fresh_Start" name="Loading Screen" time="20.649">
      <system-out>Waiting for boot sequence to finish...
Clicking 'StartButton' on the loading screen...
Start Game clicked on loading screen.</system-out>
    </testcase>
    <testcase classname="1_Fresh_Start" name="Ascension Panel" time="1.670">
      <system-out>Waiting for Ascension Panel to appear...
AscensionPanelOpened event received — waiting for DiceButton fade-in...
Dice rolled — character name generated.
Arise confirmed — entering game world.</system-out>
    </testcase>
    <testcase classname="1_Fresh_Start" name="Intro Dialogue" time="7.401">
      <system-out>Waiting for BattleScene to load before skipping intro dialogue...
Attempting to skip or advance tutorial intro dialogues...
DialogueStarted event received.
Intro Dialogue closed successfully.</system-out>
    </testcase>
    <testcase classname="1_Fresh_Start" name="Play Tutorial" time="1.640">
      <system-out>Waiting for 'Play Tutorial' prompt...
'Play Tutorial' confirmed.</system-out>
    </testcase>
    <testcase classname="1_Fresh_Start" name="Placement Dialogue" time="1.375">
      <system-out>Attempting to skip placement tutorial dialogues...
DialogueStarted event received.
Placement dialogue closed successfully.</system-out>
    </testcase>
    <testcase classname="1_Fresh_Start" name="Deploy Ignis" time="0.014">
      <system-out>Locating Ignis unit card in hand area...
Waiting for UnitButton_Ignis to spawn (up to 30s)...
UnitButton_Ignis found — placing on tile (7, 3)...</system-out>
    </testcase>
    <testcase classname="1_Fresh_Start" name="Placement" time="0.000">
      <system-out>Could not place Ignis via game API.</system-out>
      <failure message="Step Placement failed.">Could not place Ignis via game API.</failure>
    </testcase>
  </testsuite>
</testsuites>